Using pre-set license
Built from '2021.3/release' branch; Version is '2021.3.12f1 (8af3c3e441b1) revision 9106371'; Using compiler version '192829333'; Build Type 'Release'
OS: 'Windows 10  (10.0.14393) 64bit Professional' Language: 'en' Physical Memory: 12169 MB
BatchMode: 1, IsHumanControllingUs: 0, StartBugReporterOnCrash: 0, Is64bit: 1, IsPro: 1

COMMAND LINE ARGUMENTS:
C:\Program Files\Unity\Hub\Editor\2021.3.12f1\Editor\Unity.exe
-adb2
-batchMode
-noUpm
-name
AssetImportWorker1
-projectPath
D:/Do_An_Do_Hoa_2/Do_An_Do_Hoa_2/Do_An_DoHoa2_Nhom1
-logFile
Logs/AssetImportWorker1.log
-srvPort
59796
Successfully changed project path to: D:/Do_An_Do_Hoa_2/Do_An_Do_Hoa_2/Do_An_DoHoa2_Nhom1
D:/Do_An_Do_Hoa_2/Do_An_Do_Hoa_2/Do_An_DoHoa2_Nhom1
[UnityMemory] Configuration Parameters - Can be set up in boot.config
    "memorysetup-bucket-allocator-granularity=16"
    "memorysetup-bucket-allocator-bucket-count=8"
    "memorysetup-bucket-allocator-block-size=33554432"
    "memorysetup-bucket-allocator-block-count=8"
    "memorysetup-main-allocator-block-size=16777216"
    "memorysetup-thread-allocator-block-size=16777216"
    "memorysetup-gfx-main-allocator-block-size=16777216"
    "memorysetup-gfx-thread-allocator-block-size=16777216"
    "memorysetup-cache-allocator-block-size=4194304"
    "memorysetup-typetree-allocator-block-size=2097152"
    "memorysetup-profiler-bucket-allocator-granularity=16"
    "memorysetup-profiler-bucket-allocator-bucket-count=8"
    "memorysetup-profiler-bucket-allocator-block-size=33554432"
    "memorysetup-profiler-bucket-allocator-block-count=8"
    "memorysetup-profiler-allocator-block-size=16777216"
    "memorysetup-profiler-editor-allocator-block-size=1048576"
    "memorysetup-temp-allocator-size-main=16777216"
    "memorysetup-job-temp-allocator-block-size=2097152"
    "memorysetup-job-temp-allocator-block-size-background=1048576"
    "memorysetup-job-temp-allocator-reduction-small-platforms=262144"
    "memorysetup-temp-allocator-size-background-worker=32768"
    "memorysetup-temp-allocator-size-job-worker=262144"
    "memorysetup-temp-allocator-size-preload-manager=33554432"
    "memorysetup-temp-allocator-size-nav-mesh-worker=65536"
    "memorysetup-temp-allocator-size-audio-worker=65536"
    "memorysetup-temp-allocator-size-cloud-worker=32768"
    "memorysetup-temp-allocator-size-gi-baking-worker=262144"
    "memorysetup-temp-allocator-size-gfx=262144"
Refreshing native plugins compatible for Editor in 191.10 ms, found 3 plugins.
Preloading 0 native plugins for Editor in 0.00 ms.
Initialize engine version: 2021.3.12f1 (8af3c3e441b1)
[Subsystems] Discovering subsystems at path C:/Program Files/Unity/Hub/Editor/2021.3.12f1/Editor/Data/Resources/UnitySubsystems
[Subsystems] Discovering subsystems at path D:/Do_An_Do_Hoa_2/Do_An_Do_Hoa_2/Do_An_DoHoa2_Nhom1/Assets
GfxDevice: creating device client; threaded=0; jobified=0
Direct3D:
    Version:  Direct3D 11.0 [level 11.1]
    Renderer: Intel(R) HD Graphics 620 (ID=0x5916)
    Vendor:   Intel
    VRAM:     6084 MB
    Driver:   23.20.16.4973
Initialize mono
Mono path[0] = 'C:/Program Files/Unity/Hub/Editor/2021.3.12f1/Editor/Data/Managed'
Mono path[1] = 'C:/Program Files/Unity/Hub/Editor/2021.3.12f1/Editor/Data/MonoBleedingEdge/lib/mono/unityjit-win32'
Mono config path = 'C:/Program Files/Unity/Hub/Editor/2021.3.12f1/Editor/Data/MonoBleedingEdge/etc'
Using monoOptions --debugger-agent=transport=dt_socket,embedding=1,server=y,suspend=n,address=127.0.0.1:56104
Begin MonoManager ReloadAssembly
Registering precompiled unity dll's ...
Register platform support module: C:/Program Files/Unity/Hub/Editor/2021.3.12f1/Editor/Data/PlaybackEngines/WebGLSupport/UnityEditor.WebGL.Extensions.dll
Register platform support module: C:/Program Files/Unity/Hub/Editor/2021.3.12f1/Editor/Data/PlaybackEngines/WindowsStandaloneSupport/UnityEditor.WindowsStandalone.Extensions.dll
Registered in 0.005457 seconds.
Native extension for WindowsStandalone target not found
Native extension for WebGL target not found
Refreshing native plugins compatible for Editor in 209.24 ms, found 3 plugins.
Preloading 0 native plugins for Editor in 0.00 ms.
Mono: successfully reloaded assembly
- Completed reload, in  1.624 seconds
Domain Reload Profiling:
	ReloadAssembly (1625ms)
		BeginReloadAssembly (132ms)
			ExecutionOrderSort (0ms)
			DisableScriptedObjects (0ms)
			BackupInstance (0ms)
			ReleaseScriptingObjects (0ms)
			CreateAndSetChildDomain (1ms)
		EndReloadAssembly (1278ms)
			LoadAssemblies (129ms)
			RebuildTransferFunctionScriptingTraits (0ms)
			SetupTypeCache (398ms)
			ReleaseScriptCaches (0ms)
			RebuildScriptCaches (75ms)
			SetupLoadedEditorAssemblies (685ms)
				LogAssemblyErrors (0ms)
				InitializePlatformSupportModulesInManaged (21ms)
				SetLoadedEditorAssemblies (0ms)
				RefreshPlugins (209ms)
				BeforeProcessingInitializeOnLoad (2ms)
				ProcessInitializeOnLoadAttributes (379ms)
				ProcessInitializeOnLoadMethodAttributes (74ms)
				AfterProcessingInitializeOnLoad (0ms)
				EditorAssembliesLoaded (0ms)
			ExecutionOrderSort2 (0ms)
			AwakeInstancesAfterBackupRestoration (0ms)
Platform modules already initialized, skipping
Registering precompiled user dll's ...
Registered in 0.012305 seconds.
Begin MonoManager ReloadAssembly
Symbol file LoadedFromMemory doesn't match image D:\Do_An_Do_Hoa_2\Do_An_Do_Hoa_2\Do_An_DoHoa2_Nhom1\Library\PackageCache\com.unity.visualscripting@1.7.8\Editor\VisualScripting.Core\Dependencies\YamlDotNet\Unity.VisualScripting.YamlDotNet.dll
Symbol file LoadedFromMemory doesn't match image D:\Do_An_Do_Hoa_2\Do_An_Do_Hoa_2\Do_An_DoHoa2_Nhom1\Library\PackageCache\com.unity.visualscripting@1.7.8\Editor\VisualScripting.Core\Dependencies\DotNetZip\Unity.VisualScripting.IonicZip.dll
Native extension for WindowsStandalone target not found
Native extension for WebGL target not found
Refreshing native plugins compatible for Editor in 193.42 ms, found 3 plugins.
Preloading 0 native plugins for Editor in 0.00 ms.
Mono: successfully reloaded assembly
- Completed reload, in  2.614 seconds
Domain Reload Profiling:
	ReloadAssembly (2616ms)
		BeginReloadAssembly (247ms)
			ExecutionOrderSort (0ms)
			DisableScriptedObjects (12ms)
			BackupInstance (0ms)
			ReleaseScriptingObjects (0ms)
			CreateAndSetChildDomain (45ms)
		EndReloadAssembly (2127ms)
			LoadAssemblies (165ms)
			RebuildTransferFunctionScriptingTraits (0ms)
			SetupTypeCache (668ms)
			ReleaseScriptCaches (1ms)
			RebuildScriptCaches (132ms)
			SetupLoadedEditorAssemblies (1082ms)
				LogAssemblyErrors (0ms)
				InitializePlatformSupportModulesInManaged (11ms)
				SetLoadedEditorAssemblies (0ms)
				RefreshPlugins (193ms)
				BeforeProcessingInitializeOnLoad (180ms)
				ProcessInitializeOnLoadAttributes (621ms)
				ProcessInitializeOnLoadMethodAttributes (58ms)
				AfterProcessingInitializeOnLoad (17ms)
				EditorAssembliesLoaded (0ms)
			ExecutionOrderSort2 (0ms)
			AwakeInstancesAfterBackupRestoration (12ms)
Platform modules already initialized, skipping
========================================================================
Worker process is ready to serve import requests
Launched and connected shader compiler UnityShaderCompiler.exe after 0.04 seconds
Refreshing native plugins compatible for Editor in 0.79 ms, found 3 plugins.
Preloading 0 native plugins for Editor in 0.00 ms.
Unloading 3763 Unused Serialized files (Serialized files now loaded: 0)
Unloading 30 unused Assets / (89.7 KB). Loaded Objects now: 4248.
Memory consumption went from 153.2 MB to 153.2 MB.
Total: 6.726617 ms (FindLiveObjects: 0.496142 ms CreateObjectMapping: 0.381735 ms MarkObjects: 5.660704 ms  DeleteObjects: 0.186525 ms)

AssetImportParameters requested are different than current active one (requested -> active):
  custom:video-decoder-ogg-theora: a1e56fd34408186e4bbccfd4996cb3dc -> 
  custom:container-muxer-webm: aa71ff27fc2769a1b78a27578f13a17b -> 
  custom:container-demuxer-webm: 4f35f7cbe854078d1ac9338744f61a02 -> 
  custom:video-encoder-webm-vp8: eb34c28f22e8b96e1ab97ce403110664 -> 
  custom:video-codec-MediaFoundation-h265: 55f8c8538cf0483ab7069ead6b737db2 -> 
  custom:audio-encoder-webm-vorbis: bf7c407c2cedff20999df2af8eb42d56 -> 
  custom:framework-win-MediaFoundation: 216162199b28c13a410421893ffa2e32 -> 
  custom:container-demuxer-ogg: 62fdf1f143b41e24485cea50d1cbac27 -> 
  custom:video-decoder-webm-vp8: 9c59270c3fd7afecdb556c50c9e8de78 -> 
  custom:audio-decoder-ogg-vorbis: bf7c407c2cedff20999df2af8eb42d56 -> 
========================================================================
Received Prepare
Registering precompiled user dll's ...
Registered in 0.005041 seconds.
Begin MonoManager ReloadAssembly
Symbol file LoadedFromMemory doesn't match image D:\Do_An_Do_Hoa_2\Do_An_Do_Hoa_2\Do_An_DoHoa2_Nhom1\Library\PackageCache\com.unity.visualscripting@1.7.8\Editor\VisualScripting.Core\Dependencies\YamlDotNet\Unity.VisualScripting.YamlDotNet.dll
Symbol file LoadedFromMemory doesn't match image D:\Do_An_Do_Hoa_2\Do_An_Do_Hoa_2\Do_An_DoHoa2_Nhom1\Library\PackageCache\com.unity.visualscripting@1.7.8\Editor\VisualScripting.Core\Dependencies\DotNetZip\Unity.VisualScripting.IonicZip.dll
Native extension for WindowsStandalone target not found
Native extension for WebGL target not found
Refreshing native plugins compatible for Editor in 9.55 ms, found 3 plugins.
Preloading 0 native plugins for Editor in 0.00 ms.
Mono: successfully reloaded assembly
- Completed reload, in 10.989 seconds
Domain Reload Profiling:
	ReloadAssembly (10999ms)
		BeginReloadAssembly (1554ms)
			ExecutionOrderSort (0ms)
			DisableScriptedObjects (79ms)
			BackupInstance (0ms)
			ReleaseScriptingObjects (0ms)
			CreateAndSetChildDomain (555ms)
		EndReloadAssembly (8086ms)
			LoadAssemblies (812ms)
			RebuildTransferFunctionScriptingTraits (0ms)
			SetupTypeCache (2837ms)
			ReleaseScriptCaches (2ms)
			RebuildScriptCaches (582ms)
			SetupLoadedEditorAssemblies (3583ms)
				LogAssemblyErrors (0ms)
				InitializePlatformSupportModulesInManaged (148ms)
				SetLoadedEditorAssemblies (7ms)
				RefreshPlugins (10ms)
				BeforeProcessingInitializeOnLoad (523ms)
				ProcessInitializeOnLoadAttributes (2587ms)
				ProcessInitializeOnLoadMethodAttributes (257ms)
				AfterProcessingInitializeOnLoad (50ms)
				EditorAssembliesLoaded (0ms)
			ExecutionOrderSort2 (0ms)
			AwakeInstancesAfterBackupRestoration (63ms)
Platform modules already initialized, skipping
Refreshing native plugins compatible for Editor in 23.14 ms, found 3 plugins.
Preloading 0 native plugins for Editor in 0.00 ms.
Unloading 3758 Unused Serialized files (Serialized files now loaded: 0)
Unloading 22 unused Assets / (83.6 KB). Loaded Objects now: 4251.
Memory consumption went from 153.2 MB to 153.1 MB.
Total: 23.832574 ms (FindLiveObjects: 0.600732 ms CreateObjectMapping: 1.403848 ms MarkObjects: 21.551981 ms  DeleteObjects: 0.272992 ms)

AssetImportParameters requested are different than current active one (requested -> active):
  custom:video-decoder-ogg-theora: a1e56fd34408186e4bbccfd4996cb3dc -> 
  custom:container-muxer-webm: aa71ff27fc2769a1b78a27578f13a17b -> 
  custom:container-demuxer-webm: 4f35f7cbe854078d1ac9338744f61a02 -> 
  custom:video-encoder-webm-vp8: eb34c28f22e8b96e1ab97ce403110664 -> 
  custom:video-codec-MediaFoundation-h265: 55f8c8538cf0483ab7069ead6b737db2 -> 
  custom:audio-encoder-webm-vorbis: bf7c407c2cedff20999df2af8eb42d56 -> 
  custom:framework-win-MediaFoundation: 216162199b28c13a410421893ffa2e32 -> 
  custom:container-demuxer-ogg: 62fdf1f143b41e24485cea50d1cbac27 -> 
  custom:video-decoder-webm-vp8: 9c59270c3fd7afecdb556c50c9e8de78 -> 
  custom:audio-decoder-ogg-vorbis: bf7c407c2cedff20999df2af8eb42d56 -> 
========================================================================
Received Prepare
Registering precompiled user dll's ...
Registered in 0.009116 seconds.
Begin MonoManager ReloadAssembly
Symbol file LoadedFromMemory doesn't match image D:\Do_An_Do_Hoa_2\Do_An_Do_Hoa_2\Do_An_DoHoa2_Nhom1\Library\PackageCache\com.unity.visualscripting@1.7.8\Editor\VisualScripting.Core\Dependencies\YamlDotNet\Unity.VisualScripting.YamlDotNet.dll
Symbol file LoadedFromMemory doesn't match image D:\Do_An_Do_Hoa_2\Do_An_Do_Hoa_2\Do_An_DoHoa2_Nhom1\Library\PackageCache\com.unity.visualscripting@1.7.8\Editor\VisualScripting.Core\Dependencies\DotNetZip\Unity.VisualScripting.IonicZip.dll
Native extension for WindowsStandalone target not found
Native extension for WebGL target not found
Refreshing native plugins compatible for Editor in 1.29 ms, found 3 plugins.
Preloading 0 native plugins for Editor in 0.00 ms.
Mono: successfully reloaded assembly
- Completed reload, in  4.994 seconds
Domain Reload Profiling:
	ReloadAssembly (4995ms)
		BeginReloadAssembly (250ms)
			ExecutionOrderSort (0ms)
			DisableScriptedObjects (9ms)
			BackupInstance (0ms)
			ReleaseScriptingObjects (3ms)
			CreateAndSetChildDomain (72ms)
		EndReloadAssembly (4515ms)
			LoadAssemblies (163ms)
			RebuildTransferFunctionScriptingTraits (0ms)
			SetupTypeCache (2031ms)
			ReleaseScriptCaches (11ms)
			RebuildScriptCaches (482ms)
			SetupLoadedEditorAssemblies (1259ms)
				LogAssemblyErrors (0ms)
				InitializePlatformSupportModulesInManaged (94ms)
				SetLoadedEditorAssemblies (1ms)
				RefreshPlugins (1ms)
				BeforeProcessingInitializeOnLoad (216ms)
				ProcessInitializeOnLoadAttributes (862ms)
				ProcessInitializeOnLoadMethodAttributes (68ms)
				AfterProcessingInitializeOnLoad (17ms)
				EditorAssembliesLoaded (0ms)
			ExecutionOrderSort2 (0ms)
			AwakeInstancesAfterBackupRestoration (13ms)
Platform modules already initialized, skipping
Refreshing native plugins compatible for Editor in 6.05 ms, found 3 plugins.
Preloading 0 native plugins for Editor in 0.00 ms.
Unloading 3758 Unused Serialized files (Serialized files now loaded: 0)
Unloading 22 unused Assets / (83.5 KB). Loaded Objects now: 4254.
Memory consumption went from 153.2 MB to 153.1 MB.
Total: 5.336739 ms (FindLiveObjects: 0.982845 ms CreateObjectMapping: 0.534656 ms MarkObjects: 3.695014 ms  DeleteObjects: 0.121204 ms)

AssetImportParameters requested are different than current active one (requested -> active):
  custom:video-decoder-ogg-theora: a1e56fd34408186e4bbccfd4996cb3dc -> 
  custom:container-muxer-webm: aa71ff27fc2769a1b78a27578f13a17b -> 
  custom:container-demuxer-webm: 4f35f7cbe854078d1ac9338744f61a02 -> 
  custom:video-encoder-webm-vp8: eb34c28f22e8b96e1ab97ce403110664 -> 
  custom:video-codec-MediaFoundation-h265: 55f8c8538cf0483ab7069ead6b737db2 -> 
  custom:audio-encoder-webm-vorbis: bf7c407c2cedff20999df2af8eb42d56 -> 
  custom:framework-win-MediaFoundation: 216162199b28c13a410421893ffa2e32 -> 
  custom:container-demuxer-ogg: 62fdf1f143b41e24485cea50d1cbac27 -> 
  custom:video-decoder-webm-vp8: 9c59270c3fd7afecdb556c50c9e8de78 -> 
  custom:audio-decoder-ogg-vorbis: bf7c407c2cedff20999df2af8eb42d56 -> 
========================================================================
Received Import Request.
  Time since last request: 1529694.199434 seconds.
  path: Assets/Christmas Tree - POLYCRAFT Series/Mesh/Christmas_Ball_01.fbx
  artifactKey: Guid(71ad53543b15c3745afc1107fe28b9d1) Importer(815301076,1909f56bfc062723c751e8b465ee728b)
Start importing Assets/Christmas Tree - POLYCRAFT Series/Mesh/Christmas_Ball_01.fbx using Guid(71ad53543b15c3745afc1107fe28b9d1) Importer(815301076,1909f56bfc062723c751e8b465ee728b)  -> (artifact id: '75b6e7f46038ef9c3e0fad9ddd9e84fe') in 0.504258 seconds 
========================================================================
Received Import Request.
  Time since last request: 0.000037 seconds.
  path: Assets/Christmas Tree - POLYCRAFT Series/Mesh/Christmas_Ball_03.fbx
  artifactKey: Guid(d5cbc7af5a82e05488c965873ac19500) Importer(815301076,1909f56bfc062723c751e8b465ee728b)
Start importing Assets/Christmas Tree - POLYCRAFT Series/Mesh/Christmas_Ball_03.fbx using Guid(d5cbc7af5a82e05488c965873ac19500) Importer(815301076,1909f56bfc062723c751e8b465ee728b)  -> (artifact id: '96a2d0b35d0e75e9be518aa318c14c3d') in 0.097595 seconds 
========================================================================
Received Import Request.
  Time since last request: 0.000284 seconds.
  path: Assets/Christmas Tree - POLYCRAFT Series/Mesh/Present_Box_Color_03.fbx
  artifactKey: Guid(416e2b5a200888142a97c49c8bf68dc1) Importer(815301076,1909f56bfc062723c751e8b465ee728b)
Start importing Assets/Christmas Tree - POLYCRAFT Series/Mesh/Present_Box_Color_03.fbx using Guid(416e2b5a200888142a97c49c8bf68dc1) Importer(815301076,1909f56bfc062723c751e8b465ee728b)  -> (artifact id: '54e3169fe2fa6d3c2a3a46d1db63649f') in 0.096247 seconds 
========================================================================
Received Import Request.
  Time since last request: 0.000032 seconds.
  path: Assets/Christmas Tree - POLYCRAFT Series/Mesh/Present_Box_Color_24.fbx
  artifactKey: Guid(3457588e469c47641996ce82593a39a7) Importer(815301076,1909f56bfc062723c751e8b465ee728b)
Start importing Assets/Christmas Tree - POLYCRAFT Series/Mesh/Present_Box_Color_24.fbx using Guid(3457588e469c47641996ce82593a39a7) Importer(815301076,1909f56bfc062723c751e8b465ee728b)  -> (artifact id: '385d3851f3b3f5078af3378da13fdae9') in 0.112332 seconds 
========================================================================
Received Import Request.
  Time since last request: 0.000683 seconds.
  path: Assets/Christmas Tree - POLYCRAFT Series/Mesh/Present_Box_Color_30.fbx
  artifactKey: Guid(dd6679b31041b5e41acf8a91e74f4c17) Importer(815301076,1909f56bfc062723c751e8b465ee728b)
Start importing Assets/Christmas Tree - POLYCRAFT Series/Mesh/Present_Box_Color_30.fbx using Guid(dd6679b31041b5e41acf8a91e74f4c17) Importer(815301076,1909f56bfc062723c751e8b465ee728b)  -> (artifact id: 'c96863ac724f4f2d8908e2fa5420c6fc') in 0.118204 seconds 
========================================================================
Received Import Request.
  Time since last request: 0.000093 seconds.
  path: Assets/Christmas Tree - POLYCRAFT Series/Mesh/Present_Box_Color_35.fbx
  artifactKey: Guid(99d0d227bb4dea04094d5e91ab1ccab3) Importer(815301076,1909f56bfc062723c751e8b465ee728b)
Start importing Assets/Christmas Tree - POLYCRAFT Series/Mesh/Present_Box_Color_35.fbx using Guid(99d0d227bb4dea04094d5e91ab1ccab3) Importer(815301076,1909f56bfc062723c751e8b465ee728b)  -> (artifact id: 'c4d3124fbfd4b31c448e4a519c4ce296') in 0.097485 seconds 
========================================================================
Received Import Request.
  Time since last request: 0.000031 seconds.
  path: Assets/Christmas Tree - POLYCRAFT Series/Mesh/Present_Box_Color_13.fbx
  artifactKey: Guid(b2f0e1ca92ea86f4da85b0bf7e001919) Importer(815301076,1909f56bfc062723c751e8b465ee728b)
Start importing Assets/Christmas Tree - POLYCRAFT Series/Mesh/Present_Box_Color_13.fbx using Guid(b2f0e1ca92ea86f4da85b0bf7e001919) Importer(815301076,1909f56bfc062723c751e8b465ee728b)  -> (artifact id: '93a28ab7d58cb1b42410d2dcec4802e2') in 0.077736 seconds 
========================================================================
Received Import Request.
  Time since last request: 0.000138 seconds.
  path: Assets/Christmas Tree - POLYCRAFT Series/Mesh/Present_Box_Pattern_02.fbx
  artifactKey: Guid(60d6a9beb3d06634794dd82cce0b8720) Importer(815301076,1909f56bfc062723c751e8b465ee728b)
Start importing Assets/Christmas Tree - POLYCRAFT Series/Mesh/Present_Box_Pattern_02.fbx using Guid(60d6a9beb3d06634794dd82cce0b8720) Importer(815301076,1909f56bfc062723c751e8b465ee728b)  -> (artifact id: 'b871ab3abb9ba9611412318c2ab1dcec') in 0.082587 seconds 
========================================================================
Received Import Request.
  Time since last request: 0.000210 seconds.
  path: Assets/Christmas Tree - POLYCRAFT Series/Mesh/Christmas_Tree_V2_02.fbx
  artifactKey: Guid(41addcf3cad1c5049aa09678754d8138) Importer(815301076,1909f56bfc062723c751e8b465ee728b)
Start importing Assets/Christmas Tree - POLYCRAFT Series/Mesh/Christmas_Tree_V2_02.fbx using Guid(41addcf3cad1c5049aa09678754d8138) Importer(815301076,1909f56bfc062723c751e8b465ee728b)  -> (artifact id: '07722c25f41229bf359d2351e39235e4') in 0.101098 seconds 
========================================================================
Received Import Request.
  Time since last request: 0.000027 seconds.
  path: Assets/Christmas Tree - POLYCRAFT Series/Mesh/Christmas_Candy_00.fbx
  artifactKey: Guid(b8c9a25a29cbdf249909205742954ccd) Importer(815301076,1909f56bfc062723c751e8b465ee728b)
Start importing Assets/Christmas Tree - POLYCRAFT Series/Mesh/Christmas_Candy_00.fbx using Guid(b8c9a25a29cbdf249909205742954ccd) Importer(815301076,1909f56bfc062723c751e8b465ee728b)  -> (artifact id: '6ccc1cc2182dd8f642a2dbe188292186') in 0.096282 seconds 
========================================================================
Received Import Request.
  Time since last request: 0.000030 seconds.
  path: Assets/Christmas Tree - POLYCRAFT Series/Mesh/Present_Box_Color_22.fbx
  artifactKey: Guid(516d7968011238f4c8d6da84347b5974) Importer(815301076,1909f56bfc062723c751e8b465ee728b)
Start importing Assets/Christmas Tree - POLYCRAFT Series/Mesh/Present_Box_Color_22.fbx using Guid(516d7968011238f4c8d6da84347b5974) Importer(815301076,1909f56bfc062723c751e8b465ee728b)  -> (artifact id: 'aaed8af3c8200ab26254986af61b5aa1') in 0.095574 seconds 
========================================================================
Received Import Request.
  Time since last request: 0.000610 seconds.
  path: Assets/Christmas Tree - POLYCRAFT Series/Mesh/Present_Box_Color_08.fbx
  artifactKey: Guid(4693cd2a0daab3549a03d64e57816a3a) Importer(815301076,1909f56bfc062723c751e8b465ee728b)
Start importing Assets/Christmas Tree - POLYCRAFT Series/Mesh/Present_Box_Color_08.fbx using Guid(4693cd2a0daab3549a03d64e57816a3a) Importer(815301076,1909f56bfc062723c751e8b465ee728b)  -> (artifact id: '219fa65582cf2b2fa3a8bdaeb2b7e6a6') in 0.101579 seconds 
========================================================================
Received Import Request.
  Time since last request: 0.000031 seconds.
  path: Assets/Christmas Tree - POLYCRAFT Series/Mesh/Present_Box_Color_25.fbx
  artifactKey: Guid(c16f4c0c189271f4e8ade3b0ae52b2f4) Importer(815301076,1909f56bfc062723c751e8b465ee728b)
Start importing Assets/Christmas Tree - POLYCRAFT Series/Mesh/Present_Box_Color_25.fbx using Guid(c16f4c0c189271f4e8ade3b0ae52b2f4) Importer(815301076,1909f56bfc062723c751e8b465ee728b)  -> (artifact id: '787f04e81aea49f2973a5a045747f873') in 0.074501 seconds 
========================================================================
Received Import Request.
  Time since last request: 0.000035 seconds.
  path: Assets/Christmas Tree - POLYCRAFT Series/Mesh/Christmas_Tree_V1_00.fbx
  artifactKey: Guid(d610123bf820bda4892639ab406a04af) Importer(815301076,1909f56bfc062723c751e8b465ee728b)
Start importing Assets/Christmas Tree - POLYCRAFT Series/Mesh/Christmas_Tree_V1_00.fbx using Guid(d610123bf820bda4892639ab406a04af) Importer(815301076,1909f56bfc062723c751e8b465ee728b)  -> (artifact id: '556b5f82984b765e290d69ca6fefc2f3') in 0.085262 seconds 
========================================================================
Received Import Request.
  Time since last request: 0.000108 seconds.
  path: Assets/Christmas Tree - POLYCRAFT Series/Mesh/Present_Box_Color_41.fbx
  artifactKey: Guid(13d78f52b0946d04f87ed864c75850f2) Importer(815301076,1909f56bfc062723c751e8b465ee728b)
Start importing Assets/Christmas Tree - POLYCRAFT Series/Mesh/Present_Box_Color_41.fbx using Guid(13d78f52b0946d04f87ed864c75850f2) Importer(815301076,1909f56bfc062723c751e8b465ee728b)  -> (artifact id: '1642c71403184ce831b3657c424a0d3c') in 0.096525 seconds 
========================================================================
Received Import Request.
  Time since last request: 0.000073 seconds.
  path: Assets/Christmas Tree - POLYCRAFT Series/Mesh/Present_Box_Color_29.fbx
  artifactKey: Guid(9106dce26e0bfac4a8f1971a3e5c8a5e) Importer(815301076,1909f56bfc062723c751e8b465ee728b)
Start importing Assets/Christmas Tree - POLYCRAFT Series/Mesh/Present_Box_Color_29.fbx using Guid(9106dce26e0bfac4a8f1971a3e5c8a5e) Importer(815301076,1909f56bfc062723c751e8b465ee728b)  -> (artifact id: '640681c5b04a1dd212e201a5a4c183a6') in 0.093465 seconds 
========================================================================
Received Import Request.
  Time since last request: 0.000084 seconds.
  path: Assets/Christmas Tree - POLYCRAFT Series/Mesh/Present_Box_Color_27.fbx
  artifactKey: Guid(7dbf95eaa21e1af4a844bfd86703358c) Importer(815301076,1909f56bfc062723c751e8b465ee728b)
Start importing Assets/Christmas Tree - POLYCRAFT Series/Mesh/Present_Box_Color_27.fbx using Guid(7dbf95eaa21e1af4a844bfd86703358c) Importer(815301076,1909f56bfc062723c751e8b465ee728b)  -> (artifact id: '9a03194c0a930aca2c0da33abb2a9a38') in 0.083561 seconds 
========================================================================
Received Import Request.
  Time since last request: 0.000043 seconds.
  path: Assets/Christmas Tree - POLYCRAFT Series/Mesh/Present_Box_Pattern_15.fbx
  artifactKey: Guid(78a8c63c695229c4288b8923a4b2a609) Importer(815301076,1909f56bfc062723c751e8b465ee728b)
Start importing Assets/Christmas Tree - POLYCRAFT Series/Mesh/Present_Box_Pattern_15.fbx using Guid(78a8c63c695229c4288b8923a4b2a609) Importer(815301076,1909f56bfc062723c751e8b465ee728b)  -> (artifact id: '81ca0000b7639891dc3d5a7b9cb83434') in 0.107996 seconds 
========================================================================
Received Import Request.
  Time since last request: 0.001007 seconds.
  path: Assets/Christmas Tree - POLYCRAFT Series/Mesh/Present_Box_Pattern_21.fbx
  artifactKey: Guid(72d452f56e9c00b47ba389d4f7bd2a61) Importer(815301076,1909f56bfc062723c751e8b465ee728b)
Start importing Assets/Christmas Tree - POLYCRAFT Series/Mesh/Present_Box_Pattern_21.fbx using Guid(72d452f56e9c00b47ba389d4f7bd2a61) Importer(815301076,1909f56bfc062723c751e8b465ee728b)  -> (artifact id: 'a8bdd4d2b0759c0ded20673b19a0d987') in 0.118646 seconds 
========================================================================
Received Import Request.
  Time since last request: 0.000037 seconds.
  path: Assets/Christmas Tree - POLYCRAFT Series/Mesh/Christmas_Tree_V2_03.fbx
  artifactKey: Guid(fbf101430c1f09644b71110daa62bd5a) Importer(815301076,1909f56bfc062723c751e8b465ee728b)
Start importing Assets/Christmas Tree - POLYCRAFT Series/Mesh/Christmas_Tree_V2_03.fbx using Guid(fbf101430c1f09644b71110daa62bd5a) Importer(815301076,1909f56bfc062723c751e8b465ee728b)  -> (artifact id: '14b33a351b22ad9b424102bbb3ee0173') in 0.102580 seconds 
========================================================================
Received Import Request.
  Time since last request: 0.012516 seconds.
  path: Assets/Christmas Tree - POLYCRAFT Series/Mesh/Christmas_Ball_07.fbx
  artifactKey: Guid(7bb27473c0a68724e8efc00f87527888) Importer(815301076,1909f56bfc062723c751e8b465ee728b)
Start importing Assets/Christmas Tree - POLYCRAFT Series/Mesh/Christmas_Ball_07.fbx using Guid(7bb27473c0a68724e8efc00f87527888) Importer(815301076,1909f56bfc062723c751e8b465ee728b)  -> (artifact id: '6dce5424b02ba28456ce7fcaa408812c') in 0.084945 seconds 
========================================================================
Received Import Request.
  Time since last request: 0.000030 seconds.
  path: Assets/Christmas Tree - POLYCRAFT Series/Mesh/Christmas_Tree_V1_03.fbx
  artifactKey: Guid(703f1a4cdc0c9f24e9c845016c1e3438) Importer(815301076,1909f56bfc062723c751e8b465ee728b)
Start importing Assets/Christmas Tree - POLYCRAFT Series/Mesh/Christmas_Tree_V1_03.fbx using Guid(703f1a4cdc0c9f24e9c845016c1e3438) Importer(815301076,1909f56bfc062723c751e8b465ee728b)  -> (artifact id: 'f6c266359ed36e35cb6b89bf6d86b66d') in 0.095687 seconds 
========================================================================
Received Import Request.
  Time since last request: 0.000059 seconds.
  path: Assets/Christmas Tree - POLYCRAFT Series/Mesh/Present_Box_Color_40.fbx
  artifactKey: Guid(eeec0a50c5778a9438637b15809fada4) Importer(815301076,1909f56bfc062723c751e8b465ee728b)
Start importing Assets/Christmas Tree - POLYCRAFT Series/Mesh/Present_Box_Color_40.fbx using Guid(eeec0a50c5778a9438637b15809fada4) Importer(815301076,1909f56bfc062723c751e8b465ee728b)  -> (artifact id: 'ac18ba97594eb9e51c93b46b063face2') in 0.141058 seconds 
========================================================================
Received Import Request.
  Time since last request: 0.000051 seconds.
  path: Assets/Christmas Tree - POLYCRAFT Series/Mesh/Present_Box_Color_07.fbx
  artifactKey: Guid(a93755b2d0c8c3f4fb114825fbe67a41) Importer(815301076,1909f56bfc062723c751e8b465ee728b)
Start importing Assets/Christmas Tree - POLYCRAFT Series/Mesh/Present_Box_Color_07.fbx using Guid(a93755b2d0c8c3f4fb114825fbe67a41) Importer(815301076,1909f56bfc062723c751e8b465ee728b)  -> (artifact id: 'fc4882d33361837db2971f74b0429f5d') in 0.098833 seconds 
========================================================================
Received Import Request.
  Time since last request: 0.000050 seconds.
  path: Assets/Christmas Tree - POLYCRAFT Series/Mesh/Christmas_Ball_04.fbx
  artifactKey: Guid(1a7b91a553070164aa8606129665e89b) Importer(815301076,1909f56bfc062723c751e8b465ee728b)
Start importing Assets/Christmas Tree - POLYCRAFT Series/Mesh/Christmas_Ball_04.fbx using Guid(1a7b91a553070164aa8606129665e89b) Importer(815301076,1909f56bfc062723c751e8b465ee728b)  -> (artifact id: '499103ac7601d3c8ba5498388fb658fc') in 0.093986 seconds 
========================================================================
Received Import Request.
  Time since last request: 0.000184 seconds.
  path: Assets/Christmas Tree - POLYCRAFT Series/Mesh/Present_Box_Pattern_06.fbx
  artifactKey: Guid(630852e5fcff4eb4db40e16d0b9760dc) Importer(815301076,1909f56bfc062723c751e8b465ee728b)
Start importing Assets/Christmas Tree - POLYCRAFT Series/Mesh/Present_Box_Pattern_06.fbx using Guid(630852e5fcff4eb4db40e16d0b9760dc) Importer(815301076,1909f56bfc062723c751e8b465ee728b)  -> (artifact id: 'e698215a451c6b2d8d7b5840382f4ecd') in 0.095570 seconds 
========================================================================
Received Import Request.
  Time since last request: 0.000084 seconds.
  path: Assets/Christmas Tree - POLYCRAFT Series/Mesh/Present_Box_Pattern_07.fbx
  artifactKey: Guid(9348ae6004ffe7b4ba3b2c183f7930db) Importer(815301076,1909f56bfc062723c751e8b465ee728b)
Start importing Assets/Christmas Tree - POLYCRAFT Series/Mesh/Present_Box_Pattern_07.fbx using Guid(9348ae6004ffe7b4ba3b2c183f7930db) Importer(815301076,1909f56bfc062723c751e8b465ee728b)  -> (artifact id: '7a2c098e12bd459c0b17baedd1639cae') in 0.076220 seconds 
========================================================================
Received Import Request.
  Time since last request: 0.000026 seconds.
  path: Assets/Christmas Tree - POLYCRAFT Series/Mesh/Present_Box_Pattern_09.fbx
  artifactKey: Guid(070fea162fd6e274893ef84db53ac5c8) Importer(815301076,1909f56bfc062723c751e8b465ee728b)
Start importing Assets/Christmas Tree - POLYCRAFT Series/Mesh/Present_Box_Pattern_09.fbx using Guid(070fea162fd6e274893ef84db53ac5c8) Importer(815301076,1909f56bfc062723c751e8b465ee728b)  -> (artifact id: 'b8117be9c41eb7da01b0eb571a3b356a') in 0.103394 seconds 
========================================================================
Received Import Request.
  Time since last request: 0.000251 seconds.
  path: Assets/Christmas Tree - POLYCRAFT Series/Mesh/Present_Box_Color_20.fbx
  artifactKey: Guid(ffdac3413dc7f5d43921f82456f894af) Importer(815301076,1909f56bfc062723c751e8b465ee728b)
Start importing Assets/Christmas Tree - POLYCRAFT Series/Mesh/Present_Box_Color_20.fbx using Guid(ffdac3413dc7f5d43921f82456f894af) Importer(815301076,1909f56bfc062723c751e8b465ee728b)  -> (artifact id: 'a5d587c2ab3901b43cebe2b7d9d5d03f') in 0.096793 seconds 
========================================================================
Received Import Request.
  Time since last request: 0.001487 seconds.
  path: Assets/Christmas Tree - POLYCRAFT Series/Mesh/Present_Box_Color_33.fbx
  artifactKey: Guid(f2eb8801616b00a45ae6d6af17669f7f) Importer(815301076,1909f56bfc062723c751e8b465ee728b)
Start importing Assets/Christmas Tree - POLYCRAFT Series/Mesh/Present_Box_Color_33.fbx using Guid(f2eb8801616b00a45ae6d6af17669f7f) Importer(815301076,1909f56bfc062723c751e8b465ee728b)  -> (artifact id: '5868535005b1cd19714832f48bd2fb14') in 0.134994 seconds 
========================================================================
Received Import Request.
  Time since last request: 0.000033 seconds.
  path: Assets/Christmas Tree - POLYCRAFT Series/Mesh/Present_Box_Pattern_10.fbx
  artifactKey: Guid(52f928fd2e8d6be409c333bdf9cb151f) Importer(815301076,1909f56bfc062723c751e8b465ee728b)
Start importing Assets/Christmas Tree - POLYCRAFT Series/Mesh/Present_Box_Pattern_10.fbx using Guid(52f928fd2e8d6be409c333bdf9cb151f) Importer(815301076,1909f56bfc062723c751e8b465ee728b)  -> (artifact id: 'a847a0f788682bc8c3be44e479292b0c') in 0.106123 seconds 
========================================================================
Received Import Request.
  Time since last request: 0.000044 seconds.
  path: Assets/Christmas Tree - POLYCRAFT Series/Mesh/Present_Box_Pattern_12.fbx
  artifactKey: Guid(938cf8fe51545834898847cf4dd5050e) Importer(815301076,1909f56bfc062723c751e8b465ee728b)
Start importing Assets/Christmas Tree - POLYCRAFT Series/Mesh/Present_Box_Pattern_12.fbx using Guid(938cf8fe51545834898847cf4dd5050e) Importer(815301076,1909f56bfc062723c751e8b465ee728b)  -> (artifact id: '4054236a2edeccecfd46fc6fc4a78d87') in 0.086323 seconds 
========================================================================
Received Import Request.
  Time since last request: 0.000095 seconds.
  path: Assets/Christmas Tree - POLYCRAFT Series/Mesh/Present_Box_Color_10.fbx
  artifactKey: Guid(73f23869eac229449ba2bcf63bfec4dd) Importer(815301076,1909f56bfc062723c751e8b465ee728b)
Start importing Assets/Christmas Tree - POLYCRAFT Series/Mesh/Present_Box_Color_10.fbx using Guid(73f23869eac229449ba2bcf63bfec4dd) Importer(815301076,1909f56bfc062723c751e8b465ee728b)  -> (artifact id: '782a4a2e1e7c2b5909c5541f619d9797') in 0.123623 seconds 
========================================================================
Received Import Request.
  Time since last request: 0.000190 seconds.
  path: Assets/Christmas Tree - POLYCRAFT Series/Mesh/Present_Box_Color_34.fbx
  artifactKey: Guid(4981269ac09f7054aac6147a27b26a27) Importer(815301076,1909f56bfc062723c751e8b465ee728b)
Start importing Assets/Christmas Tree - POLYCRAFT Series/Mesh/Present_Box_Color_34.fbx using Guid(4981269ac09f7054aac6147a27b26a27) Importer(815301076,1909f56bfc062723c751e8b465ee728b)  -> (artifact id: '1ad38b70b907a0b2d2076ccd4e981edd') in 0.154648 seconds 
========================================================================
Received Import Request.
  Time since last request: 0.000042 seconds.
  path: Assets/Christmas Tree - POLYCRAFT Series/Mesh/Christmas_Tree_V2_00.fbx
  artifactKey: Guid(136965f375a02394e9955a351cd015e4) Importer(815301076,1909f56bfc062723c751e8b465ee728b)
Start importing Assets/Christmas Tree - POLYCRAFT Series/Mesh/Christmas_Tree_V2_00.fbx using Guid(136965f375a02394e9955a351cd015e4) Importer(815301076,1909f56bfc062723c751e8b465ee728b)  -> (artifact id: '1e0f7d553868079af25717086fdfff45') in 0.115128 seconds 
========================================================================
Received Import Request.
  Time since last request: 0.000451 seconds.
  path: Assets/Christmas Tree - POLYCRAFT Series/Mesh/Present_Box_Color_17.fbx
  artifactKey: Guid(b990183aaaa704f46b2281c47bb10413) Importer(815301076,1909f56bfc062723c751e8b465ee728b)
Start importing Assets/Christmas Tree - POLYCRAFT Series/Mesh/Present_Box_Color_17.fbx using Guid(b990183aaaa704f46b2281c47bb10413) Importer(815301076,1909f56bfc062723c751e8b465ee728b)  -> (artifact id: 'b2a0f8902e3030115ad3b1fffb6bffd8') in 0.097426 seconds 
========================================================================
Received Import Request.
  Time since last request: 0.000081 seconds.
  path: Assets/Christmas Tree - POLYCRAFT Series/Mesh/Present_Box_Color_00.fbx
  artifactKey: Guid(b62f486b795d4ab41b00dada7b852964) Importer(815301076,1909f56bfc062723c751e8b465ee728b)
Start importing Assets/Christmas Tree - POLYCRAFT Series/Mesh/Present_Box_Color_00.fbx using Guid(b62f486b795d4ab41b00dada7b852964) Importer(815301076,1909f56bfc062723c751e8b465ee728b)  -> (artifact id: '13fb9298d7f8fdfd5d79e07aaac01b4f') in 0.098286 seconds 
========================================================================
Received Import Request.
  Time since last request: 0.000378 seconds.
  path: Assets/Christmas Tree - POLYCRAFT Series/Mesh/Present_Box_Pattern_01.fbx
  artifactKey: Guid(b2560e87a4dc607409cc6db12ac3c33b) Importer(815301076,1909f56bfc062723c751e8b465ee728b)
Start importing Assets/Christmas Tree - POLYCRAFT Series/Mesh/Present_Box_Pattern_01.fbx using Guid(b2560e87a4dc607409cc6db12ac3c33b) Importer(815301076,1909f56bfc062723c751e8b465ee728b)  -> (artifact id: '052de7ad906fbe6d1329f15bdfe6222e') in 0.071246 seconds 
========================================================================
Received Import Request.
  Time since last request: 0.000028 seconds.
  path: Assets/Christmas Tree - POLYCRAFT Series/Mesh/Present_Box_Color_23.fbx
  artifactKey: Guid(1629a842b546381469b02425adcf027f) Importer(815301076,1909f56bfc062723c751e8b465ee728b)
Start importing Assets/Christmas Tree - POLYCRAFT Series/Mesh/Present_Box_Color_23.fbx using Guid(1629a842b546381469b02425adcf027f) Importer(815301076,1909f56bfc062723c751e8b465ee728b)  -> (artifact id: '407d3abd6b76e84ca9515df13a65ce76') in 0.063754 seconds 
========================================================================
Received Import Request.
  Time since last request: 0.000045 seconds.
  path: Assets/Christmas Tree - POLYCRAFT Series/Mesh/Present_Box_Color_19.fbx
  artifactKey: Guid(554426d31f2a3d3439c8d2e395c3f8db) Importer(815301076,1909f56bfc062723c751e8b465ee728b)
Start importing Assets/Christmas Tree - POLYCRAFT Series/Mesh/Present_Box_Color_19.fbx using Guid(554426d31f2a3d3439c8d2e395c3f8db) Importer(815301076,1909f56bfc062723c751e8b465ee728b)  -> (artifact id: '46c6df5a9688766cbf4b597cd2ed5d62') in 0.106767 seconds 
========================================================================
Received Import Request.
  Time since last request: 0.000111 seconds.
  path: Assets/Christmas Tree - POLYCRAFT Series/Mesh/Christmas_Tree_V2_01.fbx
  artifactKey: Guid(b611804869ef7964e9d72c3ba3cb165d) Importer(815301076,1909f56bfc062723c751e8b465ee728b)
Start importing Assets/Christmas Tree - POLYCRAFT Series/Mesh/Christmas_Tree_V2_01.fbx using Guid(b611804869ef7964e9d72c3ba3cb165d) Importer(815301076,1909f56bfc062723c751e8b465ee728b)  -> (artifact id: 'cadc7e4970bfc9befab00fc4179d386d') in 0.110090 seconds 
========================================================================
Received Import Request.
  Time since last request: 0.000044 seconds.
  path: Assets/Christmas Tree - POLYCRAFT Series/Mesh/Present_Box_Color_37.fbx
  artifactKey: Guid(b27117de4d68e494cbbc128f55e69913) Importer(815301076,1909f56bfc062723c751e8b465ee728b)
Start importing Assets/Christmas Tree - POLYCRAFT Series/Mesh/Present_Box_Color_37.fbx using Guid(b27117de4d68e494cbbc128f55e69913) Importer(815301076,1909f56bfc062723c751e8b465ee728b)  -> (artifact id: '4fc8b167767063ba557c147908e35e41') in 0.128331 seconds 
========================================================================
Received Import Request.
  Time since last request: 0.000041 seconds.
  path: Assets/Christmas Tree - POLYCRAFT Series/Mesh/Christmas_Ball_08.fbx
  artifactKey: Guid(f7306a1eae017cb4d9443a8b06d9f063) Importer(815301076,1909f56bfc062723c751e8b465ee728b)
Start importing Assets/Christmas Tree - POLYCRAFT Series/Mesh/Christmas_Ball_08.fbx using Guid(f7306a1eae017cb4d9443a8b06d9f063) Importer(815301076,1909f56bfc062723c751e8b465ee728b)  -> (artifact id: 'b520a348ba746af25a8ad6d5c48ca476') in 0.101389 seconds 
========================================================================
Received Import Request.
  Time since last request: 0.000040 seconds.
  path: Assets/Christmas Tree - POLYCRAFT Series/Mesh/Present_Box_Pattern_03.fbx
  artifactKey: Guid(8e8969bd7c7ff0341a2e38f3fb005269) Importer(815301076,1909f56bfc062723c751e8b465ee728b)
Start importing Assets/Christmas Tree - POLYCRAFT Series/Mesh/Present_Box_Pattern_03.fbx using Guid(8e8969bd7c7ff0341a2e38f3fb005269) Importer(815301076,1909f56bfc062723c751e8b465ee728b)  -> (artifact id: '7f08b5b60ae54ff952adedb6fea600ff') in 0.119276 seconds 
Editor requested this worker to shutdown with reason: Scaling down because of idle timeout
AssetImportWorkerClient::OnTransportError - code=2 error=End of file
AssetImportWorker is now disconnected from the server
Process exiting
Exiting without the bug reporter. Application will terminate with return code 0